0 info it worked if it ends with ok
1 verbose cli [ '/usr/bin/node', '/usr/bin/npm', 'install', 'meteorjs' ]
2 info using npm@1.2.18
3 info using node@v0.10.5
4 verbose read json /home/sassenbergm/public_html/nodeproj/package.json
5 verbose read json /home/sassenbergm/public_html/nodeproj/package.json
6 verbose cache add [ 'meteorjs', null ]
7 verbose cache add name=undefined spec="meteorjs" args=["meteorjs",null]
8 verbose parsed url { protocol: null,
8 verbose parsed url   slashes: null,
8 verbose parsed url   auth: null,
8 verbose parsed url   host: null,
8 verbose parsed url   port: null,
8 verbose parsed url   hostname: null,
8 verbose parsed url   hash: null,
8 verbose parsed url   search: null,
8 verbose parsed url   query: null,
8 verbose parsed url   pathname: 'meteorjs',
8 verbose parsed url   path: 'meteorjs',
8 verbose parsed url   href: 'meteorjs' }
9 silly lockFile cf5b2b1a-meteorjs meteorjs
10 verbose lock meteorjs /home/sassenbergm/.npm/cf5b2b1a-meteorjs.lock
11 silly lockFile cf5b2b1a-meteorjs meteorjs
12 silly lockFile cf5b2b1a-meteorjs meteorjs
13 verbose addNamed [ 'meteorjs', '' ]
14 verbose addNamed [ null, '' ]
15 silly lockFile c78ec565-meteorjs meteorjs@
16 verbose lock meteorjs@ /home/sassenbergm/.npm/c78ec565-meteorjs.lock
17 silly addNameRange { name: 'meteorjs', range: '', hasData: false }
18 verbose url raw meteorjs
19 verbose url resolving [ 'https://registry.npmjs.org/', './meteorjs' ]
20 verbose url resolved https://registry.npmjs.org/meteorjs
21 info trying registry request attempt 1 at 19:43:38
22 http GET https://registry.npmjs.org/meteorjs
23 http 404 https://registry.npmjs.org/meteorjs
24 silly registry.get cb [ 404,
24 silly registry.get   { date: 'Thu, 20 Nov 2014 03:39:06 GMT',
24 silly registry.get     server: 'CouchDB/1.5.0 (Erlang OTP/R16B03)',
24 silly registry.get     'content-type': 'application/json',
24 silly registry.get     'cache-control': 'max-age=0',
24 silly registry.get     'content-length': '52',
24 silly registry.get     'accept-ranges': 'bytes',
24 silly registry.get     via: '1.1 varnish',
24 silly registry.get     age: '0',
24 silly registry.get     'x-served-by': 'cache-sjc3129-SJC',
24 silly registry.get     'x-cache': 'MISS',
24 silly registry.get     'x-cache-hits': '0',
24 silly registry.get     'x-timer': 'S1416454746.249076,VS0,VE74',
24 silly registry.get     'keep-alive': 'timeout=10, max=50',
24 silly registry.get     connection: 'Keep-Alive' } ]
25 silly lockFile c78ec565-meteorjs meteorjs@
26 silly lockFile c78ec565-meteorjs meteorjs@
27 error 404 'meteorjs' is not in the npm registry.
27 error 404 You should bug the author to publish it
27 error 404
27 error 404 Note that you can also install from a
27 error 404 tarball, folder, or http url, or git url.
28 error System Linux 3.11.10-21-desktop
29 error command "/usr/bin/node" "/usr/bin/npm" "install" "meteorjs"
30 error cwd /home/sassenbergm/public_html/nodeproj
31 error node -v v0.10.5
32 error npm -v 1.2.18
33 error code E404
34 verbose exit [ 1, true ]
